Arguments: 
  /usr/bin/node /usr/bin/yarn star

PATH: 
  /usr/local/bin:/usr/local/sbin:/usr/bin:/usr/sbin:/home/neodc/.local/bin:/home/neodc/bin

Yarn version: 
  1.5.1

Node version: 
  8.10.0

Platform: 
  linux x64

npm manifest: 
  {
    "name": "react-ui",
    "version": "0.1.0",
    "private": true,
    "devDependencies": {
      "react-scripts": "0.9.5"
    },
    "dependencies": {
      "jquery": "3.3.1",
      "react": "^15.4.2",
      "react-dom": "^15.4.2",
      "react-facebook-login": "4.0.0",
      "react-google-login": "3.0.4",
      "react-router-dom": "4.2.2",
      "react-select": "1.2.1"
    },
    "scripts": {
      "start": "react-scripts start",
      "build": "react-scripts build",
      "test": "react-scripts test --env=jsdom",
      "eject": "react-scripts eject"
    },
    "proxy": "http://localhost:5000"
  }

yarn manifest: 
  No manifest

Lockfile: 
  No lockfile

Trace: 
  Error: Command "star" not found. Did you mean "start"?
      at new MessageError (/usr/lib/node_modules/yarn/lib/cli.js:186:110)
      at /usr/lib/node_modules/yarn/lib/cli.js:87307:17
      at Generator.next (<anonymous>)
      at step (/usr/lib/node_modules/yarn/lib/cli.js:98:30)
      at /usr/lib/node_modules/yarn/lib/cli.js:116:14
      at new Promise (<anonymous>)
      at new F (/usr/lib/node_modules/yarn/lib/cli.js:23451:28)
      at /usr/lib/node_modules/yarn/lib/cli.js:95:12
      at runCommand (/usr/lib/node_modules/yarn/lib/cli.js:87312:22)
      at Object.<anonymous> (/usr/lib/node_modules/yarn/lib/cli.js:87412:14)
